<?xml version="1.0" encoding="UTF-8"?>
<!-- Generated by org.testng.reporters.JUnitReportReporter -->
<testsuite hostname="DESKTOP-D3EH90A" name="Test.Lunchwebap" tests="1" failures="0" timestamp="16 Jun 2020 16:08:03 GMT" time="14.954" errors="0">
  <testcase name="Login" time="14.954" classname="Test.Lunchwebap"/>
</testsuite> <!-- Test.Lunchwebap -->
