<?xml version="1.0" encoding="UTF-8"?>
<!-- Generated by org.testng.reporters.JUnitReportReporter -->
<testsuite hostname="DESKTOP-D3EH90A" name="Test.Lunchwebapp" tests="1" failures="0" timestamp="9 Jun 2020 08:25:27 GMT" time="9.958" errors="0">
  <testcase name="ByPixel" time="9.958" classname="Test.Lunchwebapp"/>
</testsuite> <!-- Test.Lunchwebapp -->
